********************************************************************************
DUPLICATOR-LITE PACKAGE-LOG: October 18, 2019 7:37 pm
NOTICE: Do NOT post to public sites or forums 
********************************************************************************
VERSION:	1.3.22
WORDPRESS:	5.2.3
PHP INFO:	7.2.18 | SAPI: apache2handler
SERVER:		Apache/2.4.39 (Win64) PHP/7.2.18 
PHP TIME LIMIT: (0) no time limit imposed 
PHP MAX MEMORY: 4294967296 (256M default) 
MEMORY STACK: 2MB

********************************************************************************
DATABASE:
********************************************************************************
BUILD MODE:   PHP(query limit - 100)
MYSQLTIMEOUT: 5000
MYSQLDUMP:    Not Supported
TABLES: total:41 | filtered:0 | create:41
FILTERED: []
SQL CREATED: 20191018_usvdirekt_8bac86610b7e1c683415_20191018193706_database.sql
SQL FILE SIZE: 2.49MB (2613557)
SQL FILE TIME: 2019-10-18 19:37:31
SQL RUNTIME: 3.79 sec.

********************************************************************************
ARCHIVE (ZIP):
********************************************************************************
ARCHIVE DIR:  D:/wamp64/www/direkt2
ARCHIVE FILE: 20191018_usvdirekt_8bac86610b7e1c683415_20191018193706_archive.zip
FILTERS: *OFF*
DIRS:
	not set
FILES:
	not set
EXTS:  not set
----------------------------------------
COMPRESSING
SIZE:	213.73MB
STATS:	Dirs 1,076 | Files 7,178
SQL ADDED: 20191018_usvdirekt_8bac86610b7e1c683415_20191018193706_database.sql
ZipArchive Object
(
    [status] => 0
    [statusSys] => 0
    [numFiles] => 8254
    [filename] => D:\wamp64\www\direkt2\wp-snapshots\tmp\20191018_usvdirekt_8bac86610b7e1c683415_20191018193706_archive.zip
    [comment] => 
)

FILE ADDED TO ZIP: 8253
COMPRESSION RESULT: '1'
COMPRESSED SIZE: 89.07MB
ARCHIVE RUNTIME: 48.53 sec.
MEMORY STACK: 4MB
building installer
add_extra_files1
add_extra_files2
add_extra_files3
add_extra_files4
Doing archive file check
add_extra_files5
add_extra_files6
add_extra_files8
Successfully opened zip D:/wamp64/www/direkt2/wp-snapshots/tmp/20191018_usvdirekt_8bac86610b7e1c683415_20191018193706_archive.zip
Adding enhanced installer files to archive using ZipArchive
Installer files added to archive
Added to archive
After ziparchive close when adding installer

********************************************************************************
INTEGRITY CHECKS:
********************************************************************************
SQL FILE: 2.49MB
INSTALLER FILE: 60.53KB
ARCHIVE FILE: 90.43MB 
EXPECTED FILE/DIRECTORY COUNT: 8,254
ACTUAL FILE/DIRECTORY COUNT: 8,253
ARCHIVE CONSISTENCY TEST: Pass

********************************************************************************
RECORD ID:[1]
TOTAL PROCESS RUNTIME: 54.90 sec.
PEAK PHP MEMORY USED: 6MB
DONE PROCESSING => 20191018_usvdirekt October 18, 2019 7:38 pm

